TpTrace Verbose: 0 : 4972, 1, 2022/02/01, 13:14:59.520, 9618085217144, vstest.console.dll, Version: 16.11.0
TpTrace Information: 0 : 4972, 1, 2022/02/01, 13:14:59.573, 9618085669655, vstest.console.dll, FilePatternParser: The given file C:\Users\pcorcole\OneDrive - Capgemini\Desktop\Example\devon4net-net3.1\devon4net-net3.1\source\UnitTesting.Tests\bin\Debug\netcoreapp3.1\fine-code-coverage\build-output\UnitTesting.Tests.dll is a full path.
TpTrace Verbose: 0 : 4972, 1, 2022/02/01, 13:14:59.639, 9618086334109, vstest.console.dll, TestPluginCache.DiscoverTestExtensions: finding test extensions in assemblies ends with: RuntimeProvider.dll TPluginInfo: Microsoft.VisualStudio.TestPlatform.Common.ExtensionFramework.Utilities.TestRuntimePluginInformation TExtension: Microsoft.VisualStudio.TestPlatform.ObjectModel.Host.ITestRuntimeProvider
TpTrace Verbose: 0 : 4972, 1, 2022/02/01, 13:14:59.646, 9618086403546, vstest.console.dll, TestPluginCache.GetExtensionPaths: Filtered extension paths: 
TpTrace Verbose: 0 : 4972, 1, 2022/02/01, 13:14:59.648, 9618086419094, vstest.console.dll, TestPluginCache.GetExtensionPaths: Added default extension paths: C:\Program Files\dotnet\sdk\5.0.404\Extensions\Microsoft.Diagnostics.NETCore.Client.dll
C:\Program Files\dotnet\sdk\5.0.404\Extensions\Microsoft.TestPlatform.Extensions.BlameDataCollector.dll
C:\Program Files\dotnet\sdk\5.0.404\Extensions\Microsoft.TestPlatform.Extensions.EventLogCollector.dll
C:\Program Files\dotnet\sdk\5.0.404\Extensions\Microsoft.TestPlatform.TestHostRuntimeProvider.dll
C:\Program Files\dotnet\sdk\5.0.404\Extensions\Microsoft.VisualStudio.TestPlatform.Extensions.Html.TestLogger.dll
C:\Program Files\dotnet\sdk\5.0.404\Extensions\Microsoft.VisualStudio.TestPlatform.Extensions.Trx.TestLogger.dll
TpTrace Verbose: 0 : 4972, 1, 2022/02/01, 13:14:59.648, 9618086422588, vstest.console.dll, TestPluginCache.GetExtensionPaths: Added unfilterableExtensionPaths: 
TpTrace Information: 0 : 4972, 1, 2022/02/01, 13:14:59.655, 9618086491570, vstest.console.dll, AssemblyResolver.ctor: Creating AssemblyResolver with searchDirectories C:\Program Files\dotnet\sdk\5.0.404\Extensions,C:\Program Files\dotnet\sdk\5.0.404
TpTrace Verbose: 0 : 4972, 1, 2022/02/01, 13:14:59.661, 9618086547939, vstest.console.dll, TestPluginCache.DiscoverTestExtensions: Discovering the extensions using extension path.
TpTrace Verbose: 0 : 4972, 1, 2022/02/01, 13:14:59.662, 9618086555325, vstest.console.dll, TestPluginCache.GetExtensionPaths: Filtered extension paths: 
TpTrace Verbose: 0 : 4972, 1, 2022/02/01, 13:14:59.662, 9618086558196, vstest.console.dll, TestPluginCache.GetExtensionPaths: Added default extension paths: C:\Program Files\dotnet\sdk\5.0.404\Extensions\Microsoft.Diagnostics.NETCore.Client.dll
C:\Program Files\dotnet\sdk\5.0.404\Extensions\Microsoft.TestPlatform.Extensions.BlameDataCollector.dll
C:\Program Files\dotnet\sdk\5.0.404\Extensions\Microsoft.TestPlatform.Extensions.EventLogCollector.dll
C:\Program Files\dotnet\sdk\5.0.404\Extensions\Microsoft.TestPlatform.TestHostRuntimeProvider.dll
C:\Program Files\dotnet\sdk\5.0.404\Extensions\Microsoft.VisualStudio.TestPlatform.Extensions.Html.TestLogger.dll
C:\Program Files\dotnet\sdk\5.0.404\Extensions\Microsoft.VisualStudio.TestPlatform.Extensions.Trx.TestLogger.dll
TpTrace Verbose: 0 : 4972, 1, 2022/02/01, 13:14:59.662, 9618086559524, vstest.console.dll, TestPluginCache.GetExtensionPaths: Added unfilterableExtensionPaths: 
TpTrace Verbose: 0 : 4972, 1, 2022/02/01, 13:14:59.662, 9618086561978, vstest.console.dll, TestPluginCache.DiscoverTestExtensions: Discovering the extensions using allExtensionPaths: C:\Program Files\dotnet\sdk\5.0.404\Extensions\Microsoft.Diagnostics.NETCore.Client.dll
C:\Program Files\dotnet\sdk\5.0.404\Extensions\Microsoft.TestPlatform.Extensions.BlameDataCollector.dll
C:\Program Files\dotnet\sdk\5.0.404\Extensions\Microsoft.TestPlatform.Extensions.EventLogCollector.dll
C:\Program Files\dotnet\sdk\5.0.404\Extensions\Microsoft.TestPlatform.TestHostRuntimeProvider.dll
C:\Program Files\dotnet\sdk\5.0.404\Extensions\Microsoft.VisualStudio.TestPlatform.Extensions.Html.TestLogger.dll
C:\Program Files\dotnet\sdk\5.0.404\Extensions\Microsoft.VisualStudio.TestPlatform.Extensions.Trx.TestLogger.dll
TpTrace Information: 0 : 4972, 1, 2022/02/01, 13:14:59.663, 9618086571419, vstest.console.dll, AssemblyResolver.AddSearchDirectories: Adding more searchDirectories C:\Program Files\dotnet\sdk\5.0.404\Extensions,C:\Program Files\dotnet\sdk\5.0.404
TpTrace Information: 0 : 4972, 1, 2022/02/01, 13:14:59.665, 9618086588554, vstest.console.dll, AssemblyResolver.AddSearchDirectories: Adding more searchDirectories C:\Program Files\dotnet\sdk\5.0.404\Extensions,C:\Program Files\dotnet\sdk\5.0.404
TpTrace Information: 0 : 4972, 1, 2022/02/01, 13:14:59.665, 9618086592253, vstest.console.dll, AssemblyResolver.AddSearchDirectories: Adding more searchDirectories C:\Program Files\dotnet\sdk\5.0.404\Extensions,C:\Program Files\dotnet\sdk\5.0.404
TpTrace Information: 0 : 4972, 1, 2022/02/01, 13:14:59.665, 9618086594102, vstest.console.dll, AssemblyResolver.AddSearchDirectories: Adding more searchDirectories C:\Program Files\dotnet\sdk\5.0.404\Extensions,C:\Program Files\dotnet\sdk\5.0.404
TpTrace Information: 0 : 4972, 1, 2022/02/01, 13:14:59.666, 9618086595201, vstest.console.dll, AssemblyResolver.AddSearchDirectories: Adding more searchDirectories C:\Program Files\dotnet\sdk\5.0.404\Extensions,C:\Program Files\dotnet\sdk\5.0.404
TpTrace Information: 0 : 4972, 1, 2022/02/01, 13:14:59.666, 9618086596788, vstest.console.dll, AssemblyResolver.AddSearchDirectories: Adding more searchDirectories C:\Program Files\dotnet\sdk\5.0.404\Extensions,C:\Program Files\dotnet\sdk\5.0.404
TpTrace Information: 0 : 4972, 1, 2022/02/01, 13:14:59.669, 9618086632853, vstest.console.dll, AssemblyResolver.OnResolve: Microsoft.Diagnostics.NETCore.Client: Resolving assembly.
TpTrace Information: 0 : 4972, 1, 2022/02/01, 13:14:59.670, 9618086640422, vstest.console.dll, AssemblyResolver.OnResolve: Microsoft.Diagnostics.NETCore.Client: Searching in: 'C:\Program Files\dotnet\sdk\5.0.404\Extensions'.
TpTrace Information: 0 : 4972, 1, 2022/02/01, 13:14:59.676, 9618086703308, vstest.console.dll, AssemblyResolver.OnResolve: Microsoft.Diagnostics.NETCore.Client: Loading assembly 'C:\Program Files\dotnet\sdk\5.0.404\Extensions\Microsoft.Diagnostics.NETCore.Client.dll'.
TpTrace Information: 0 : 4972, 1, 2022/02/01, 13:14:59.680, 9618086744080, vstest.console.dll, AssemblyResolver.OnResolve: Resolved assembly: Microsoft.Diagnostics.NETCore.Client, from path: C:\Program Files\dotnet\sdk\5.0.404\Extensions\Microsoft.Diagnostics.NETCore.Client.dll
TpTrace Information: 0 : 4972, 1, 2022/02/01, 13:14:59.693, 9618086866781, vstest.console.dll, AssemblyResolver.OnResolve: Microsoft.Bcl.AsyncInterfaces: Resolving assembly.
TpTrace Information: 0 : 4972, 1, 2022/02/01, 13:14:59.693, 9618086868770, vstest.console.dll, AssemblyResolver.OnResolve: Microsoft.Bcl.AsyncInterfaces: Searching in: 'C:\Program Files\dotnet\sdk\5.0.404\Extensions'.
TpTrace Information: 0 : 4972, 1, 2022/02/01, 13:14:59.693, 9618086871556, vstest.console.dll, AssemblyResolver.OnResolve: Microsoft.Bcl.AsyncInterfaces: Assembly path does not exist: 'C:\Program Files\dotnet\sdk\5.0.404\Extensions\Microsoft.Bcl.AsyncInterfaces.dll', returning.
TpTrace Information: 0 : 4972, 1, 2022/02/01, 13:14:59.693, 9618086873360, vstest.console.dll, AssemblyResolver.OnResolve: Microsoft.Bcl.AsyncInterfaces: Assembly path does not exist: 'C:\Program Files\dotnet\sdk\5.0.404\Extensions\Microsoft.Bcl.AsyncInterfaces.exe', returning.
TpTrace Information: 0 : 4972, 1, 2022/02/01, 13:14:59.693, 9618086874254, vstest.console.dll, AssemblyResolver.OnResolve: Microsoft.Bcl.AsyncInterfaces: Searching in: 'C:\Program Files\dotnet\sdk\5.0.404'.
TpTrace Information: 0 : 4972, 1, 2022/02/01, 13:14:59.694, 9618086875251, vstest.console.dll, AssemblyResolver.OnResolve: Microsoft.Bcl.AsyncInterfaces: Assembly path does not exist: 'C:\Program Files\dotnet\sdk\5.0.404\Microsoft.Bcl.AsyncInterfaces.dll', returning.
TpTrace Information: 0 : 4972, 1, 2022/02/01, 13:14:59.694, 9618086876193, vstest.console.dll, AssemblyResolver.OnResolve: Microsoft.Bcl.AsyncInterfaces: Assembly path does not exist: 'C:\Program Files\dotnet\sdk\5.0.404\Microsoft.Bcl.AsyncInterfaces.exe', returning.
TpTrace Information: 0 : 4972, 1, 2022/02/01, 13:14:59.694, 9618086877381, vstest.console.dll, AssemblyResolver.OnResolve: Microsoft.Bcl.AsyncInterfaces: Failed to load assembly.
TpTrace Verbose: 0 : 4972, 1, 2022/02/01, 13:14:59.694, 9618086878204, vstest.console.dll, CurrentDomainAssemblyResolve: Resolving assembly 'Microsoft.Bcl.AsyncInterfaces'.
TpTrace Information: 0 : 4972, 1, 2022/02/01, 13:14:59.694, 9618086879340, vstest.console.dll, AssemblyResolver.OnResolve: Microsoft.Bcl.AsyncInterfaces: Resolving assembly.
TpTrace Information: 0 : 4972, 1, 2022/02/01, 13:14:59.694, 9618086880389, vstest.console.dll, AssemblyResolver.OnResolve: Microsoft.Bcl.AsyncInterfaces: Resolved from cache.
TpTrace Verbose: 0 : 4972, 1, 2022/02/01, 13:14:59.694, 9618086881020, vstest.console.dll, CurrentDomainAssemblyResolve: Resolving assembly 'Microsoft.Bcl.AsyncInterfaces'.
TpTrace Verbose: 0 : 4972, 1, 2022/02/01, 13:14:59.694, 9618086881846, vstest.console.dll, CurrentDomainAssemblyResolve: Failed to resolve assembly 'Microsoft.Bcl.AsyncInterfaces'.
TpTrace Verbose: 0 : 4972, 1, 2022/02/01, 13:14:59.705, 9618086991818, vstest.console.dll, CurrentDomainAssemblyResolve: Failed to resolve assembly 'Microsoft.Bcl.AsyncInterfaces'.
TpTrace Warning: 0 : 4972, 1, 2022/02/01, 13:14:59.759, 9618087526835, vstest.console.dll, TestPluginDiscoverer: Failed to get types from assembly 'Microsoft.Diagnostics.NETCore.Client, Version=0.2.2.41902, Culture=neutral, PublicKeyToken=31bf3856ad364e35'.  Skipping test extension scan for this assembly.  Error: System.Reflection.ReflectionTypeLoadException: Unable to load one or more of the requested types.
Could not load file or assembly 'Microsoft.Bcl.AsyncInterfaces, Version=1.0.0.0, Culture=neutral, PublicKeyToken=cc7b13ffcd2ddd51'. The system cannot find the file specified.
   at System.Reflection.RuntimeModule.GetTypes(RuntimeModule module)
   at System.Reflection.RuntimeModule.GetTypes()
   at System.Reflection.Assembly.GetTypes()
   at Microsoft.VisualStudio.TestPlatform.Common.ExtensionFramework.TestPluginDiscoverer.GetTestExtensionsFromAssembly[TPluginInfo,TExtension](Assembly assembly, Dictionary`2 pluginInfos)
System.IO.FileNotFoundException: Could not load file or assembly 'Microsoft.Bcl.AsyncInterfaces, Version=1.0.0.0, Culture=neutral, PublicKeyToken=cc7b13ffcd2ddd51'. The system cannot find the file specified.
File name: 'Microsoft.Bcl.AsyncInterfaces, Version=1.0.0.0, Culture=neutral, PublicKeyToken=cc7b13ffcd2ddd51'
TpTrace Warning: 0 : 4972, 1, 2022/02/01, 13:14:59.759, 9618087530395, vstest.console.dll, LoaderExceptions: System.IO.FileNotFoundException: Could not load file or assembly 'Microsoft.Bcl.AsyncInterfaces, Version=1.0.0.0, Culture=neutral, PublicKeyToken=cc7b13ffcd2ddd51'. The system cannot find the file specified.
File name: 'Microsoft.Bcl.AsyncInterfaces, Version=1.0.0.0, Culture=neutral, PublicKeyToken=cc7b13ffcd2ddd51'
TpTrace Information: 0 : 4972, 1, 2022/02/01, 13:14:59.759, 9618087532288, vstest.console.dll, AssemblyResolver.OnResolve: Microsoft.TestPlatform.Extensions.BlameDataCollector: Resolving assembly.
TpTrace Information: 0 : 4972, 1, 2022/02/01, 13:14:59.759, 9618087533070, vstest.console.dll, AssemblyResolver.OnResolve: Microsoft.TestPlatform.Extensions.BlameDataCollector: Searching in: 'C:\Program Files\dotnet\sdk\5.0.404\Extensions'.
TpTrace Information: 0 : 4972, 1, 2022/02/01, 13:14:59.761, 9618087549365, vstest.console.dll, AssemblyResolver.OnResolve: Microsoft.TestPlatform.Extensions.BlameDataCollector: Loading assembly 'C:\Program Files\dotnet\sdk\5.0.404\Extensions\Microsoft.TestPlatform.Extensions.BlameDataCollector.dll'.
TpTrace Information: 0 : 4972, 1, 2022/02/01, 13:14:59.764, 9618087580088, vstest.console.dll, AssemblyResolver.OnResolve: Resolved assembly: Microsoft.TestPlatform.Extensions.BlameDataCollector, from path: C:\Program Files\dotnet\sdk\5.0.404\Extensions\Microsoft.TestPlatform.Extensions.BlameDataCollector.dll
TpTrace Information: 0 : 4972, 1, 2022/02/01, 13:14:59.766, 9618087598066, vstest.console.dll, AssemblyResolver.OnResolve: Microsoft.TestPlatform.Extensions.EventLogCollector: Resolving assembly.
TpTrace Information: 0 : 4972, 1, 2022/02/01, 13:14:59.766, 9618087600184, vstest.console.dll, AssemblyResolver.OnResolve: Microsoft.TestPlatform.Extensions.EventLogCollector: Searching in: 'C:\Program Files\dotnet\sdk\5.0.404\Extensions'.
TpTrace Information: 0 : 4972, 1, 2022/02/01, 13:14:59.769, 9618087626339, vstest.console.dll, AssemblyResolver.OnResolve: Microsoft.TestPlatform.Extensions.EventLogCollector: Loading assembly 'C:\Program Files\dotnet\sdk\5.0.404\Extensions\Microsoft.TestPlatform.Extensions.EventLogCollector.dll'.
TpTrace Information: 0 : 4972, 1, 2022/02/01, 13:14:59.771, 9618087652202, vstest.console.dll, AssemblyResolver.OnResolve: Resolved assembly: Microsoft.TestPlatform.Extensions.EventLogCollector, from path: C:\Program Files\dotnet\sdk\5.0.404\Extensions\Microsoft.TestPlatform.Extensions.EventLogCollector.dll
TpTrace Information: 0 : 4972, 1, 2022/02/01, 13:14:59.778, 9618087716178, vstest.console.dll, AssemblyResolver.OnResolve: Microsoft.TestPlatform.TestHostRuntimeProvider: Resolving assembly.
TpTrace Information: 0 : 4972, 1, 2022/02/01, 13:14:59.778, 9618087718537, vstest.console.dll, AssemblyResolver.OnResolve: Microsoft.TestPlatform.TestHostRuntimeProvider: Searching in: 'C:\Program Files\dotnet\sdk\5.0.404\Extensions'.
TpTrace Information: 0 : 4972, 1, 2022/02/01, 13:14:59.779, 9618087734794, vstest.console.dll, AssemblyResolver.OnResolve: Microsoft.TestPlatform.TestHostRuntimeProvider: Loading assembly 'C:\Program Files\dotnet\sdk\5.0.404\Extensions\Microsoft.TestPlatform.TestHostRuntimeProvider.dll'.
TpTrace Information: 0 : 4972, 1, 2022/02/01, 13:14:59.783, 9618087771273, vstest.console.dll, AssemblyResolver.OnResolve: Resolved assembly: Microsoft.TestPlatform.TestHostRuntimeProvider, from path: C:\Program Files\dotnet\sdk\5.0.404\Extensions\Microsoft.TestPlatform.TestHostRuntimeProvider.dll
TpTrace Information: 0 : 4972, 1, 2022/02/01, 13:14:59.787, 9618087815041, vstest.console.dll, AssemblyResolver.OnResolve: Microsoft.VisualStudio.TestPlatform.Extensions.Html.TestLogger: Resolving assembly.
TpTrace Information: 0 : 4972, 1, 2022/02/01, 13:14:59.788, 9618087817532, vstest.console.dll, AssemblyResolver.OnResolve: Microsoft.VisualStudio.TestPlatform.Extensions.Html.TestLogger: Searching in: 'C:\Program Files\dotnet\sdk\5.0.404\Extensions'.
TpTrace Information: 0 : 4972, 1, 2022/02/01, 13:14:59.789, 9618087830579, vstest.console.dll, AssemblyResolver.OnResolve: Microsoft.VisualStudio.TestPlatform.Extensions.Html.TestLogger: Loading assembly 'C:\Program Files\dotnet\sdk\5.0.404\Extensions\Microsoft.VisualStudio.TestPlatform.Extensions.Html.TestLogger.dll'.
TpTrace Information: 0 : 4972, 1, 2022/02/01, 13:14:59.793, 9618087871353, vstest.console.dll, AssemblyResolver.OnResolve: Resolved assembly: Microsoft.VisualStudio.TestPlatform.Extensions.Html.TestLogger, from path: C:\Program Files\dotnet\sdk\5.0.404\Extensions\Microsoft.VisualStudio.TestPlatform.Extensions.Html.TestLogger.dll
TpTrace Information: 0 : 4972, 1, 2022/02/01, 13:14:59.794, 9618087878376, vstest.console.dll, AssemblyResolver.OnResolve: Microsoft.VisualStudio.TestPlatform.Extensions.Trx.TestLogger: Resolving assembly.
TpTrace Information: 0 : 4972, 1, 2022/02/01, 13:14:59.794, 9618087879994, vstest.console.dll, AssemblyResolver.OnResolve: Microsoft.VisualStudio.TestPlatform.Extensions.Trx.TestLogger: Searching in: 'C:\Program Files\dotnet\sdk\5.0.404\Extensions'.
TpTrace Information: 0 : 4972, 1, 2022/02/01, 13:14:59.796, 9618087895848, vstest.console.dll, AssemblyResolver.OnResolve: Microsoft.VisualStudio.TestPlatform.Extensions.Trx.TestLogger: Loading assembly 'C:\Program Files\dotnet\sdk\5.0.404\Extensions\Microsoft.VisualStudio.TestPlatform.Extensions.Trx.TestLogger.dll'.
TpTrace Information: 0 : 4972, 1, 2022/02/01, 13:14:59.799, 9618087934006, vstest.console.dll, AssemblyResolver.OnResolve: Resolved assembly: Microsoft.VisualStudio.TestPlatform.Extensions.Trx.TestLogger, from path: C:\Program Files\dotnet\sdk\5.0.404\Extensions\Microsoft.VisualStudio.TestPlatform.Extensions.Trx.TestLogger.dll
TpTrace Verbose: 0 : 4972, 1, 2022/02/01, 13:14:59.804, 9618087980640, vstest.console.dll, TestPluginCache: Discovered the extensions using extension path ''.
TpTrace Verbose: 0 : 4972, 1, 2022/02/01, 13:14:59.805, 9618087985738, vstest.console.dll, TestPluginCache: Discoverers are ''.
TpTrace Verbose: 0 : 4972, 1, 2022/02/01, 13:14:59.805, 9618087986979, vstest.console.dll, TestPluginCache: Executors are ''.
TpTrace Verbose: 0 : 4972, 1, 2022/02/01, 13:14:59.805, 9618087988148, vstest.console.dll, TestPluginCache: Executors2 are ''.
TpTrace Verbose: 0 : 4972, 1, 2022/02/01, 13:14:59.805, 9618087988935, vstest.console.dll, TestPluginCache: Setting providers are ''.
TpTrace Verbose: 0 : 4972, 1, 2022/02/01, 13:14:59.805, 9618087989678, vstest.console.dll, TestPluginCache: Loggers are ''.
TpTrace Information: 0 : 4972, 1, 2022/02/01, 13:14:59.819, 9618088131972, vstest.console.dll, RunTestsArgumentProcessor:Execute: Test run is starting.
TpTrace Verbose: 0 : 4972, 1, 2022/02/01, 13:14:59.820, 9618088135662, vstest.console.dll, RunTestsArgumentProcessor:Execute: Queuing Test run.
TpTrace Information: 0 : 4972, 1, 2022/02/01, 13:14:59.820, 9618088145005, vstest.console.dll, TestRequestManager.RunTests: run tests started.
TpTrace Information: 0 : 4972, 1, 2022/02/01, 13:14:59.827, 9618088212568, vstest.console.dll, AssemblyMetadataProvider.GetFrameWork: Determined framework:'.NETCoreApp,Version=v3.1' for source: 'C:\Users\pcorcole\OneDrive - Capgemini\Desktop\Example\devon4net-net3.1\devon4net-net3.1\source\UnitTesting.Tests\bin\Debug\netcoreapp3.1\fine-code-coverage\build-output\UnitTesting.Tests.dll'
TpTrace Information: 0 : 4972, 1, 2022/02/01, 13:14:59.828, 9618088221246, vstest.console.dll, Determined framework for all sources: .NETCoreApp,Version=v3.1
TpTrace Information: 0 : 4972, 1, 2022/02/01, 13:14:59.832, 9618088261096, vstest.console.dll, AssemblyMetadataProvider.GetArchitecture: Determined architecture:AnyCPU info for assembly: C:\Users\pcorcole\OneDrive - Capgemini\Desktop\Example\devon4net-net3.1\devon4net-net3.1\source\UnitTesting.Tests\bin\Debug\netcoreapp3.1\fine-code-coverage\build-output\UnitTesting.Tests.dll
TpTrace Information: 0 : 4972, 1, 2022/02/01, 13:14:59.839, 9618088330661, vstest.console.dll, Determined platform for all sources: X64
TpTrace Information: 0 : 4972, 1, 2022/02/01, 13:14:59.853, 9618088467701, vstest.console.dll, Compatible sources list : 
TpTrace Information: 0 : 4972, 1, 2022/02/01, 13:14:59.854, 9618088475233, vstest.console.dll, C:\Users\pcorcole\OneDrive - Capgemini\Desktop\Example\devon4net-net3.1\devon4net-net3.1\source\UnitTesting.Tests\bin\Debug\netcoreapp3.1\fine-code-coverage\build-output\UnitTesting.Tests.dll
TpTrace Information: 0 : 4972, 1, 2022/02/01, 13:14:59.861, 9618088546758, vstest.console.dll, InferRunSettingsHelper.IsTestSettingsEnabled: Unable to navigate to RunSettings/MSTest. Current node: RunSettings
TpTrace Information: 0 : 4972, 1, 2022/02/01, 13:14:59.864, 9618088583955, vstest.console.dll, AssemblyResolver.OnResolve: Microsoft.VisualStudio.TestPlatform.Fakes: Resolving assembly.
TpTrace Information: 0 : 4972, 1, 2022/02/01, 13:14:59.865, 9618088592505, vstest.console.dll, AssemblyResolver.OnResolve: Microsoft.VisualStudio.TestPlatform.Fakes: Searching in: 'C:\Program Files\dotnet\sdk\5.0.404\Extensions'.
TpTrace Information: 0 : 4972, 1, 2022/02/01, 13:14:59.866, 9618088603101, vstest.console.dll, AssemblyResolver.OnResolve: Microsoft.VisualStudio.TestPlatform.Fakes: Assembly path does not exist: 'C:\Program Files\dotnet\sdk\5.0.404\Extensions\Microsoft.VisualStudio.TestPlatform.Fakes.dll', returning.
TpTrace Information: 0 : 4972, 1, 2022/02/01, 13:14:59.867, 9618088611527, vstest.console.dll, AssemblyResolver.OnResolve: Microsoft.VisualStudio.TestPlatform.Fakes: Assembly path does not exist: 'C:\Program Files\dotnet\sdk\5.0.404\Extensions\Microsoft.VisualStudio.TestPlatform.Fakes.exe', returning.
TpTrace Information: 0 : 4972, 1, 2022/02/01, 13:14:59.867, 9618088614919, vstest.console.dll, AssemblyResolver.OnResolve: Microsoft.VisualStudio.TestPlatform.Fakes: Searching in: 'C:\Program Files\dotnet\sdk\5.0.404'.
TpTrace Information: 0 : 4972, 1, 2022/02/01, 13:14:59.869, 9618088627016, vstest.console.dll, AssemblyResolver.OnResolve: Microsoft.VisualStudio.TestPlatform.Fakes: Assembly path does not exist: 'C:\Program Files\dotnet\sdk\5.0.404\Microsoft.VisualStudio.TestPlatform.Fakes.dll', returning.
TpTrace Information: 0 : 4972, 1, 2022/02/01, 13:14:59.870, 9618088637885, vstest.console.dll, AssemblyResolver.OnResolve: Microsoft.VisualStudio.TestPlatform.Fakes: Assembly path does not exist: 'C:\Program Files\dotnet\sdk\5.0.404\Microsoft.VisualStudio.TestPlatform.Fakes.exe', returning.
TpTrace Information: 0 : 4972, 1, 2022/02/01, 13:14:59.871, 9618088645249, vstest.console.dll, AssemblyResolver.OnResolve: Microsoft.VisualStudio.TestPlatform.Fakes: Failed to load assembly.
TpTrace Information: 0 : 4972, 1, 2022/02/01, 13:14:59.874, 9618088685104, vstest.console.dll, Failed to create newly implemented Fakes Configurator. Reason:System.IO.FileNotFoundException: Could not load file or assembly 'Microsoft.VisualStudio.TestPlatform.Fakes, Version=16.0.0.0, Culture=neutral, PublicKeyToken=null'. The system cannot find the file specified.
File name: 'Microsoft.VisualStudio.TestPlatform.Fakes, Version=16.0.0.0, Culture=neutral, PublicKeyToken=null'
   at System.Reflection.RuntimeAssembly.InternalLoad(ObjectHandleOnStack assemblyName, ObjectHandleOnStack requestingAssembly, StackCrawlMarkHandle stackMark, Boolean throwOnFileNotFound, ObjectHandleOnStack assemblyLoadContext, ObjectHandleOnStack retAssembly)
   at System.Reflection.RuntimeAssembly.InternalLoad(AssemblyName assemblyName, RuntimeAssembly requestingAssembly, StackCrawlMark& stackMark, Boolean throwOnFileNotFound, AssemblyLoadContext assemblyLoadContext)
   at System.Reflection.Assembly.Load(AssemblyName assemblyRef)
   at Microsoft.VisualStudio.TestPlatform.Common.Utilities.FakesUtilities.TryGetFakesCrossPlatformDataCollectorConfigurator() 
TpTrace Verbose: 0 : 4972, 1, 2022/02/01, 13:14:59.893, 9618088869788, vstest.console.dll, TestPluginCache.DiscoverTestExtensions: finding test extensions in assemblies ends with: TestLogger.dll TPluginInfo: Microsoft.VisualStudio.TestPlatform.Common.ExtensionFramework.Utilities.TestLoggerPluginInformation TExtension: Microsoft.VisualStudio.TestPlatform.ObjectModel.Client.ITestLogger
TpTrace Verbose: 0 : 4972, 1, 2022/02/01, 13:14:59.893, 9618088872732, vstest.console.dll, TestPluginCache.GetExtensionPaths: Filtered extension paths: 
TpTrace Verbose: 0 : 4972, 1, 2022/02/01, 13:14:59.893, 9618088873607, vstest.console.dll, TestPluginCache.GetExtensionPaths: Added default extension paths: C:\Program Files\dotnet\sdk\5.0.404\Extensions\Microsoft.Diagnostics.NETCore.Client.dll
C:\Program Files\dotnet\sdk\5.0.404\Extensions\Microsoft.TestPlatform.Extensions.BlameDataCollector.dll
C:\Program Files\dotnet\sdk\5.0.404\Extensions\Microsoft.TestPlatform.Extensions.EventLogCollector.dll
C:\Program Files\dotnet\sdk\5.0.404\Extensions\Microsoft.TestPlatform.TestHostRuntimeProvider.dll
C:\Program Files\dotnet\sdk\5.0.404\Extensions\Microsoft.VisualStudio.TestPlatform.Extensions.Html.TestLogger.dll
C:\Program Files\dotnet\sdk\5.0.404\Extensions\Microsoft.VisualStudio.TestPlatform.Extensions.Trx.TestLogger.dll
TpTrace Verbose: 0 : 4972, 1, 2022/02/01, 13:14:59.893, 9618088874428, vstest.console.dll, TestPluginCache.GetExtensionPaths: Added unfilterableExtensionPaths: 
TpTrace Information: 0 : 4972, 1, 2022/02/01, 13:14:59.894, 9618088878187, vstest.console.dll, AssemblyResolver.AddSearchDirectories: Adding more searchDirectories C:\Program Files\dotnet\sdk\5.0.404\Extensions,C:\Program Files\dotnet\sdk\5.0.404
TpTrace Verbose: 0 : 4972, 1, 2022/02/01, 13:14:59.894, 9618088879262, vstest.console.dll, TestPluginCache.DiscoverTestExtensions: Discovering the extensions using extension path.
TpTrace Verbose: 0 : 4972, 1, 2022/02/01, 13:14:59.894, 9618088879983, vstest.console.dll, TestPluginCache.GetExtensionPaths: Filtered extension paths: 
TpTrace Verbose: 0 : 4972, 1, 2022/02/01, 13:14:59.894, 9618088880601, vstest.console.dll, TestPluginCache.GetExtensionPaths: Added default extension paths: C:\Program Files\dotnet\sdk\5.0.404\Extensions\Microsoft.Diagnostics.NETCore.Client.dll
C:\Program Files\dotnet\sdk\5.0.404\Extensions\Microsoft.TestPlatform.Extensions.BlameDataCollector.dll
C:\Program Files\dotnet\sdk\5.0.404\Extensions\Microsoft.TestPlatform.Extensions.EventLogCollector.dll
C:\Program Files\dotnet\sdk\5.0.404\Extensions\Microsoft.TestPlatform.TestHostRuntimeProvider.dll
C:\Program Files\dotnet\sdk\5.0.404\Extensions\Microsoft.VisualStudio.TestPlatform.Extensions.Html.TestLogger.dll
C:\Program Files\dotnet\sdk\5.0.404\Extensions\Microsoft.VisualStudio.TestPlatform.Extensions.Trx.TestLogger.dll
TpTrace Verbose: 0 : 4972, 1, 2022/02/01, 13:14:59.894, 9618088881446, vstest.console.dll, TestPluginCache.GetExtensionPaths: Added unfilterableExtensionPaths: 
TpTrace Verbose: 0 : 4972, 1, 2022/02/01, 13:14:59.894, 9618088882169, vstest.console.dll, TestPluginCache.DiscoverTestExtensions: Discovering the extensions using allExtensionPaths: C:\Program Files\dotnet\sdk\5.0.404\Extensions\Microsoft.Diagnostics.NETCore.Client.dll
C:\Program Files\dotnet\sdk\5.0.404\Extensions\Microsoft.TestPlatform.Extensions.BlameDataCollector.dll
C:\Program Files\dotnet\sdk\5.0.404\Extensions\Microsoft.TestPlatform.Extensions.EventLogCollector.dll
C:\Program Files\dotnet\sdk\5.0.404\Extensions\Microsoft.TestPlatform.TestHostRuntimeProvider.dll
C:\Program Files\dotnet\sdk\5.0.404\Extensions\Microsoft.VisualStudio.TestPlatform.Extensions.Html.TestLogger.dll
C:\Program Files\dotnet\sdk\5.0.404\Extensions\Microsoft.VisualStudio.TestPlatform.Extensions.Trx.TestLogger.dll
TpTrace Information: 0 : 4972, 1, 2022/02/01, 13:14:59.894, 9618088882995, vstest.console.dll, AssemblyResolver.AddSearchDirectories: Adding more searchDirectories C:\Program Files\dotnet\sdk\5.0.404\Extensions,C:\Program Files\dotnet\sdk\5.0.404
TpTrace Information: 0 : 4972, 1, 2022/02/01, 13:14:59.894, 9618088883835, vstest.console.dll, AssemblyResolver.AddSearchDirectories: Adding more searchDirectories C:\Program Files\dotnet\sdk\5.0.404\Extensions,C:\Program Files\dotnet\sdk\5.0.404
TpTrace Information: 0 : 4972, 1, 2022/02/01, 13:14:59.894, 9618088884620, vstest.console.dll, AssemblyResolver.AddSearchDirectories: Adding more searchDirectories C:\Program Files\dotnet\sdk\5.0.404\Extensions,C:\Program Files\dotnet\sdk\5.0.404
TpTrace Information: 0 : 4972, 1, 2022/02/01, 13:14:59.895, 9618088885344, vstest.console.dll, AssemblyResolver.AddSearchDirectories: Adding more searchDirectories C:\Program Files\dotnet\sdk\5.0.404\Extensions,C:\Program Files\dotnet\sdk\5.0.404
TpTrace Information: 0 : 4972, 1, 2022/02/01, 13:14:59.895, 9618088886006, vstest.console.dll, AssemblyResolver.AddSearchDirectories: Adding more searchDirectories C:\Program Files\dotnet\sdk\5.0.404\Extensions,C:\Program Files\dotnet\sdk\5.0.404
TpTrace Information: 0 : 4972, 1, 2022/02/01, 13:14:59.895, 9618088886573, vstest.console.dll, AssemblyResolver.AddSearchDirectories: Adding more searchDirectories C:\Program Files\dotnet\sdk\5.0.404\Extensions,C:\Program Files\dotnet\sdk\5.0.404
TpTrace Information: 0 : 4972, 1, 2022/02/01, 13:14:59.895, 9618088891256, vstest.console.dll, AssemblyResolver.OnResolve: Microsoft.Bcl.AsyncInterfaces: Resolving assembly.
TpTrace Information: 0 : 4972, 1, 2022/02/01, 13:14:59.895, 9618088892329, vstest.console.dll, AssemblyResolver.OnResolve: Microsoft.Bcl.AsyncInterfaces: Resolved from cache.
TpTrace Verbose: 0 : 4972, 1, 2022/02/01, 13:14:59.895, 9618088892978, vstest.console.dll, CurrentDomainAssemblyResolve: Resolving assembly 'Microsoft.Bcl.AsyncInterfaces'.
TpTrace Information: 0 : 4972, 1, 2022/02/01, 13:14:59.895, 9618088893905, vstest.console.dll, AssemblyResolver.OnResolve: Microsoft.Bcl.AsyncInterfaces: Resolving assembly.
TpTrace Information: 0 : 4972, 1, 2022/02/01, 13:14:59.895, 9618088894527, vstest.console.dll, AssemblyResolver.OnResolve: Microsoft.Bcl.AsyncInterfaces: Resolved from cache.
TpTrace Verbose: 0 : 4972, 1, 2022/02/01, 13:14:59.896, 9618088895359, vstest.console.dll, CurrentDomainAssemblyResolve: Resolving assembly 'Microsoft.Bcl.AsyncInterfaces'.
TpTrace Verbose: 0 : 4972, 1, 2022/02/01, 13:14:59.896, 9618088896073, vstest.console.dll, CurrentDomainAssemblyResolve: Failed to resolve assembly 'Microsoft.Bcl.AsyncInterfaces'.
TpTrace Verbose: 0 : 4972, 1, 2022/02/01, 13:14:59.896, 9618088899693, vstest.console.dll, CurrentDomainAssemblyResolve: Failed to resolve assembly 'Microsoft.Bcl.AsyncInterfaces'.
TpTrace Warning: 0 : 4972, 1, 2022/02/01, 13:14:59.897, 9618088908050, vstest.console.dll, TestPluginDiscoverer: Failed to get types from assembly 'Microsoft.Diagnostics.NETCore.Client, Version=0.2.2.41902, Culture=neutral, PublicKeyToken=31bf3856ad364e35'.  Skipping test extension scan for this assembly.  Error: System.Reflection.ReflectionTypeLoadException: Unable to load one or more of the requested types.
Could not load file or assembly 'Microsoft.Bcl.AsyncInterfaces, Version=1.0.0.0, Culture=neutral, PublicKeyToken=cc7b13ffcd2ddd51'. The system cannot find the file specified.
   at System.Reflection.RuntimeModule.GetTypes(RuntimeModule module)
   at System.Reflection.RuntimeModule.GetTypes()
   at System.Reflection.Assembly.GetTypes()
   at Microsoft.VisualStudio.TestPlatform.Common.ExtensionFramework.TestPluginDiscoverer.GetTestExtensionsFromAssembly[TPluginInfo,TExtension](Assembly assembly, Dictionary`2 pluginInfos)
System.IO.FileNotFoundException: Could not load file or assembly 'Microsoft.Bcl.AsyncInterfaces, Version=1.0.0.0, Culture=neutral, PublicKeyToken=cc7b13ffcd2ddd51'. The system cannot find the file specified.
File name: 'Microsoft.Bcl.AsyncInterfaces, Version=1.0.0.0, Culture=neutral, PublicKeyToken=cc7b13ffcd2ddd51'
TpTrace Warning: 0 : 4972, 1, 2022/02/01, 13:14:59.897, 9618088910710, vstest.console.dll, LoaderExceptions: System.IO.FileNotFoundException: Could not load file or assembly 'Microsoft.Bcl.AsyncInterfaces, Version=1.0.0.0, Culture=neutral, PublicKeyToken=cc7b13ffcd2ddd51'. The system cannot find the file specified.
File name: 'Microsoft.Bcl.AsyncInterfaces, Version=1.0.0.0, Culture=neutral, PublicKeyToken=cc7b13ffcd2ddd51'
TpTrace Verbose: 0 : 4972, 1, 2022/02/01, 13:14:59.898, 9618088917831, vstest.console.dll, TestPluginCache: Discovered the extensions using extension path ''.
TpTrace Verbose: 0 : 4972, 1, 2022/02/01, 13:14:59.898, 9618088919014, vstest.console.dll, TestPluginCache: Discoverers are ''.
TpTrace Verbose: 0 : 4972, 1, 2022/02/01, 13:14:59.898, 9618088919566, vstest.console.dll, TestPluginCache: Executors are ''.
TpTrace Verbose: 0 : 4972, 1, 2022/02/01, 13:14:59.898, 9618088920182, vstest.console.dll, TestPluginCache: Executors2 are ''.
TpTrace Verbose: 0 : 4972, 1, 2022/02/01, 13:14:59.898, 9618088920676, vstest.console.dll, TestPluginCache: Setting providers are ''.
TpTrace Verbose: 0 : 4972, 1, 2022/02/01, 13:14:59.898, 9618088921824, vstest.console.dll, TestPluginCache: Loggers are 'logger://Microsoft/TestPlatform/Extensions/Blame/v1,logger://Microsoft/TestPlatform/HtmlLogger/v1,logger://Microsoft/TestPlatform/TrxLogger/v1'.
TpTrace Information: 0 : 4972, 1, 2022/02/01, 13:14:59.901, 9618088947296, vstest.console.dll, TestPluginManager.CreateTestExtension: Attempting to load test extension: Microsoft.TestPlatform.Extensions.BlameDataCollector.BlameLogger
TpTrace Information: 0 : 4972, 1, 2022/02/01, 13:14:59.919, 9618089130878, vstest.console.dll, TestPluginManager.CreateTestExtension: Attempting to load test extension: Microsoft.VisualStudio.TestPlatform.CrossPlatEngine.Hosting.DefaultTestHostManager
TpTrace Information: 0 : 4972, 1, 2022/02/01, 13:14:59.920, 9618089142247, vstest.console.dll, TestPluginManager.CreateTestExtension: Attempting to load test extension: Microsoft.VisualStudio.TestPlatform.CrossPlatEngine.Hosting.DotnetTestHostManager
TpTrace Verbose: 0 : 4972, 1, 2022/02/01, 13:14:59.922, 9618089156521, vstest.console.dll, TestEngine: Initializing Parallel Execution as MaxCpuCount is set to: 1
TpTrace Information: 0 : 4972, 1, 2022/02/01, 13:14:59.923, 9618089169438, vstest.console.dll, InferRunSettingsHelper.IsTestSettingsEnabled: Unable to navigate to RunSettings/MSTest. Current node: RunSettings
TpTrace Verbose: 0 : 4972, 1, 2022/02/01, 13:14:59.955, 9618089489425, vstest.console.dll, TestRequestSender is acting as server
TpTrace Verbose: 0 : 4972, 4, 2022/02/01, 13:14:59.959, 9618089532516, vstest.console.dll, DataCollectionRequestSender.InitializeCommunication : Initialize communication. 
TpTrace Information: 0 : 4972, 4, 2022/02/01, 13:15:00.004, 9618089977987, vstest.console.dll, Listening on Endpoint : 127.0.0.1:60635
TpTrace Verbose: 0 : 4972, 4, 2022/02/01, 13:15:00.038, 9618090318527, vstest.console.dll, DotnetDataCollectionLauncher: Full path of dotnet.exe is C:\Program Files\dotnet\dotnet.exe
TpTrace Verbose: 0 : 4972, 4, 2022/02/01, 13:15:00.039, 9618090325540, vstest.console.dll, DotnetDataCollectionLauncher: Adding  --runtimeconfig "C:\Program Files\dotnet\sdk\5.0.404\datacollector.runtimeconfig.json" in args
TpTrace Verbose: 0 : 4972, 4, 2022/02/01, 13:15:00.039, 9618090330017, vstest.console.dll, DotnetDataCollectionLauncher: Adding  --depsfile "C:\Program Files\dotnet\sdk\5.0.404\datacollector.deps.json" in args
TpTrace Information: 0 : 4972, 4, 2022/02/01, 13:15:00.153, 9618091469019, vstest.console.dll, ProxyDataCollectionManager.Initialize: Launched datacollector processId: 8964 port: 60635
TpTrace Information: 0 : 4972, 4, 2022/02/01, 13:15:00.153, 9618091474362, vstest.console.dll, ProxyDataCollectionManager.Initialize: waiting for connection with timeout: 90 seconds
TpTrace Verbose: 0 : 4972, 4, 2022/02/01, 13:15:00.154, 9618091476793, vstest.console.dll, DataCollectionRequestSender.WaitForRequestHandlerConnection : Waiting for connection with timeout: 90000
TpTrace Information: 0 : 4972, 7, 2022/02/01, 13:15:00.630, 9618096249729, vstest.console.dll, Using the buffer size of 16384 bytes
TpTrace Verbose: 0 : 4972, 4, 2022/02/01, 13:15:00.631, 9618096251181, vstest.console.dll, ProxyDataCollectionManager.InvokeDataCollectionServiceAction: Starting.
TpTrace Information: 0 : 4972, 7, 2022/02/01, 13:15:00.632, 9618096255799, vstest.console.dll, Accepted Client request and set the flag
TpTrace Information: 0 : 4972, 4, 2022/02/01, 13:15:00.632, 9618096260035, vstest.console.dll, ProxyDataCollectionManager.BeforeTestRunStart: Get environment variable and port for datacollector processId: 8964 port: 60635
TpTrace Verbose: 0 : 4972, 4, 2022/02/01, 13:15:00.633, 9618096265473, vstest.console.dll, DataCollectionRequestSender.SendBeforeTestRunStartAndGetResult : Send BeforeTestRunStart message with settingsXml <RunSettings><RunConfiguration><ResultsDirectory>C:\Users\pcorcole\OneDrive - Capgemini\Desktop\Example\devon4net-net3.1\devon4net-net3.1\source\UnitTesting.Tests\bin\Debug\netcoreapp3.1\fine-code-coverage\coverage-tool-output</ResultsDirectory><TargetPlatform>X64</TargetPlatform><TargetFrameworkVersion>.NETCoreApp,Version=v3.1</TargetFrameworkVersion><DesignMode>False</DesignMode><CollectSourceInformation>False</CollectSourceInformation><TestAdaptersPaths>C:\Program Files\dotnet\sdk\5.0.404\Extensions</TestAdaptersPaths></RunConfiguration><LoggerRunSettings><Loggers><Logger friendlyName="blame" enabled="True" /><Logger friendlyName="Console" uri="logger://microsoft/TestPlatform/ConsoleLogger/v1" assemblyQualifiedName="Microsoft.VisualStudio.TestPlatform.CommandLine.Internal.ConsoleLogger, vstest.console, Version=15.0.0.0, Culture=neutral, PublicKeyToken=b03f5f7f11d50a3a" codeBase="C:\Program Files\dotnet\sdk\5.0.404\vstest.console.dll" enabled="True" /></Loggers></LoggerRunSettings><DataCollectionRunSettings><DataCollectors><DataCollector friendlyName="blame" enabled="True"><Configuration><ResultsDirectory>C:\Users\pcorcole\OneDrive - Capgemini\Desktop\Example\devon4net-net3.1\devon4net-net3.1\source\UnitTesting.Tests\bin\Debug\netcoreapp3.1\fine-code-coverage\coverage-tool-output</ResultsDirectory></Configuration></DataCollector></DataCollectors></DataCollectionRunSettings></RunSettings> and sources System.Linq.Enumerable+Concat2Iterator`1[System.String]: 
TpTrace Verbose: 0 : 4972, 4, 2022/02/01, 13:15:00.845, 9618098385762, vstest.console.dll, DataCollectionRequestSender.SendBeforeTestRunStartAndGetResult : Received message: (DataCollection.SendMessage) -> {
  "FriendlyName": null,
  "Uri": null,
  "TestCaseId": "00000000-0000-0000-0000-000000000000",
  "Message": "Logging DataCollector Diagnostics in file: C:\\Users\\pcorcole\\OneDrive - Capgemini\\Desktop\\Example\\devon4net-net3.1\\devon4net-net3.1\\source\\UnitTesting.Tests\\bin\\Debug\\netcoreapp3.1\\fine-code-coverage\\coverage-tool-output\\diagnostics.datacollector.22-02-01_13-15-00_02545_4.log",
  "Level": 0
}
TpTrace Information: 0 : 4972, 4, 2022/02/01, 13:15:00.858, 9618098521053, vstest.console.dll, AssemblyResolver.OnResolve: Microsoft.VisualStudio.TestPlatform.Common.resources: Resolving assembly.
TpTrace Information: 0 : 4972, 4, 2022/02/01, 13:15:00.858, 9618098522643, vstest.console.dll, AssemblyResolver.OnResolve: Microsoft.VisualStudio.TestPlatform.Common.resources: Searching in: 'C:\Program Files\dotnet\sdk\5.0.404\Extensions'.
TpTrace Information: 0 : 4972, 4, 2022/02/01, 13:15:00.858, 9618098524098, vstest.console.dll, AssemblyResolver.OnResolve: Microsoft.VisualStudio.TestPlatform.Common.resources: Assembly path does not exist: 'C:\Program Files\dotnet\sdk\5.0.404\Extensions\Microsoft.VisualStudio.TestPlatform.Common.resources.dll', returning.
TpTrace Information: 0 : 4972, 4, 2022/02/01, 13:15:00.859, 9618098525295, vstest.console.dll, AssemblyResolver.OnResolve: Microsoft.VisualStudio.TestPlatform.Common.resources: Assembly path does not exist: 'C:\Program Files\dotnet\sdk\5.0.404\Extensions\Microsoft.VisualStudio.TestPlatform.Common.resources.exe', returning.
TpTrace Information: 0 : 4972, 4, 2022/02/01, 13:15:00.859, 9618098526213, vstest.console.dll, AssemblyResolver.OnResolve: Microsoft.VisualStudio.TestPlatform.Common.resources: Searching in: 'C:\Program Files\dotnet\sdk\5.0.404'.
TpTrace Information: 0 : 4972, 4, 2022/02/01, 13:15:00.859, 9618098527274, vstest.console.dll, AssemblyResolver.OnResolve: Microsoft.VisualStudio.TestPlatform.Common.resources: Assembly path does not exist: 'C:\Program Files\dotnet\sdk\5.0.404\Microsoft.VisualStudio.TestPlatform.Common.resources.dll', returning.
TpTrace Information: 0 : 4972, 4, 2022/02/01, 13:15:00.859, 9618098528235, vstest.console.dll, AssemblyResolver.OnResolve: Microsoft.VisualStudio.TestPlatform.Common.resources: Assembly path does not exist: 'C:\Program Files\dotnet\sdk\5.0.404\Microsoft.VisualStudio.TestPlatform.Common.resources.exe', returning.
TpTrace Information: 0 : 4972, 4, 2022/02/01, 13:15:00.859, 9618098528983, vstest.console.dll, AssemblyResolver.OnResolve: Microsoft.VisualStudio.TestPlatform.Common.resources: Failed to load assembly.
TpTrace Verbose: 0 : 4972, 4, 2022/02/01, 13:15:01.120, 9618101137714, vstest.console.dll, DataCollectionRequestSender.SendBeforeTestRunStartAndGetResult : Received message: (DataCollection.BeforeTestRunStartResult) -> {
  "EnvironmentVariables": {},
  "DataCollectionEventsPort": 60637
}
TpTrace Information: 0 : 4972, 4, 2022/02/01, 13:15:01.127, 9618101208686, vstest.console.dll, ProxyDataCollectionManager.BeforeTestRunStart: SendBeforeTestRunStartAndGetResult successful, env variable from datacollector:   and testhost port: 60637
TpTrace Information: 0 : 4972, 4, 2022/02/01, 13:15:01.127, 9618101210980, vstest.console.dll, ProxyDataCollectionManager.InvokeDataCollectionServiceAction: Completed.
TpTrace Verbose: 0 : 4972, 1, 2022/02/01, 13:15:01.127, 9618101213338, vstest.console.dll, TestRunRequest.ExecuteAsync: Creating test run request.
TpTrace Verbose: 0 : 4972, 1, 2022/02/01, 13:15:01.128, 9618101217654, vstest.console.dll, TestRunRequest.ExecuteAsync: Starting.
TpTrace Information: 0 : 4972, 1, 2022/02/01, 13:15:01.141, 9618101349659, vstest.console.dll, TestRunRequest.ExecuteAsync: Starting run with settings:TestRunCriteria:
   KeepAlive=False,FrequencyOfRunStatsChangeEvent=10,RunStatsChangeEventTimeout=00:00:01.5000000,TestCaseFilter=,TestExecutorLauncher=
   Settingsxml=<RunSettings>
  <RunConfiguration>
    <ResultsDirectory>C:\Users\pcorcole\OneDrive - Capgemini\Desktop\Example\devon4net-net3.1\devon4net-net3.1\source\UnitTesting.Tests\bin\Debug\netcoreapp3.1\fine-code-coverage\coverage-tool-output</ResultsDirectory>
    <TargetPlatform>X64</TargetPlatform>
    <TargetFrameworkVersion>.NETCoreApp,Version=v3.1</TargetFrameworkVersion>
    <DesignMode>False</DesignMode>
    <CollectSourceInformation>False</CollectSourceInformation>
  </RunConfiguration>
  <LoggerRunSettings>
    <Loggers>
      <Logger friendlyName="blame" enabled="True" />
      <Logger friendlyName="Console" uri="logger://microsoft/TestPlatform/ConsoleLogger/v1" assemblyQualifiedName="Microsoft.VisualStudio.TestPlatform.CommandLine.Internal.ConsoleLogger, vstest.console, Version=15.0.0.0, Culture=neutral, PublicKeyToken=b03f5f7f11d50a3a" codeBase="C:\Program Files\dotnet\sdk\5.0.404\vstest.console.dll" enabled="True" />
    </Loggers>
  </LoggerRunSettings>
  <DataCollectionRunSettings>
    <DataCollectors>
      <DataCollector friendlyName="blame" enabled="True">
        <Configuration>
          <ResultsDirectory>C:\Users\pcorcole\OneDrive - Capgemini\Desktop\Example\devon4net-net3.1\devon4net-net3.1\source\UnitTesting.Tests\bin\Debug\netcoreapp3.1\fine-code-coverage\coverage-tool-output</ResultsDirectory>
        </Configuration>
      </DataCollector>
    </DataCollectors>
  </DataCollectionRunSettings>
</RunSettings>

TpTrace Verbose: 0 : 4972, 1, 2022/02/01, 13:15:01.141, 9618101354061, vstest.console.dll, TestRunRequest.ExecuteAsync: Wait for the first run request is over.
TpTrace Verbose: 0 : 4972, 1, 2022/02/01, 13:15:01.143, 9618101367013, vstest.console.dll, ParallelProxyExecutionManager: Start execution. Total sources: 1
TpTrace Information: 0 : 4972, 1, 2022/02/01, 13:15:01.144, 9618101382387, vstest.console.dll, ProxyParallelExecutionManager: Triggering test run for next source: C:\Users\pcorcole\OneDrive - Capgemini\Desktop\Example\devon4net-net3.1\devon4net-net3.1\source\UnitTesting.Tests\bin\Debug\netcoreapp3.1\fine-code-coverage\build-output\UnitTesting.Tests.dll
TpTrace Verbose: 0 : 4972, 1, 2022/02/01, 13:15:01.145, 9618101388165, vstest.console.dll, ProxyParallelExecutionManager: No sources available for execution.
TpTrace Information: 0 : 4972, 1, 2022/02/01, 13:15:01.145, 9618101390044, vstest.console.dll, TestRunRequest.ExecuteAsync: Started.
TpTrace Verbose: 0 : 4972, 1, 2022/02/01, 13:15:01.145, 9618101392539, vstest.console.dll, TestRunRequest.WaitForCompletion: Waiting with timeout -1.
TpTrace Verbose: 0 : 4972, 6, 2022/02/01, 13:15:01.146, 9618101403849, vstest.console.dll, ParallelProxyExecutionManager: Execution started. Started clients: 1
TpTrace Verbose: 0 : 4972, 6, 2022/02/01, 13:15:01.150, 9618101438349, vstest.console.dll, TestRunRequest:SendTestRunMessage: Starting.
TpTrace Information: 0 : 4972, 6, 2022/02/01, 13:15:01.152, 9618101463291, vstest.console.dll, TestRunRequest:SendTestRunMessage: Completed.
TpTrace Verbose: 0 : 4972, 6, 2022/02/01, 13:15:01.154, 9618101478181, vstest.console.dll, ProxyExecutionManager: Test host is always Lazy initialize.
TpTrace Verbose: 0 : 4972, 6, 2022/02/01, 13:15:01.155, 9618101490909, vstest.console.dll, TestRequestSender.InitializeCommunication: initialize communication. 
TpTrace Information: 0 : 4972, 6, 2022/02/01, 13:15:01.159, 9618101525823, vstest.console.dll, SocketServer.Start: Listening on endpoint : 127.0.0.1:60638
TpTrace Verbose: 0 : 4972, 6, 2022/02/01, 13:15:01.168, 9618101616956, vstest.console.dll, DotnetTestHostmanager: Adding  --runtimeconfig "C:\Users\pcorcole\OneDrive - Capgemini\Desktop\Example\devon4net-net3.1\devon4net-net3.1\source\UnitTesting.Tests\bin\Debug\netcoreapp3.1\fine-code-coverage\build-output\UnitTesting.Tests.runtimeconfig.json" in args
TpTrace Verbose: 0 : 4972, 6, 2022/02/01, 13:15:01.168, 9618101621929, vstest.console.dll, DotnetTestHostmanager: Adding  --depsfile "C:\Users\pcorcole\OneDrive - Capgemini\Desktop\Example\devon4net-net3.1\devon4net-net3.1\source\UnitTesting.Tests\bin\Debug\netcoreapp3.1\fine-code-coverage\build-output\UnitTesting.Tests.deps.json" in args
TpTrace Information: 0 : 4972, 6, 2022/02/01, 13:15:01.169, 9618101634395, vstest.console.dll, AssemblyResolver.OnResolve: Microsoft.Extensions.DependencyModel: Resolving assembly.
TpTrace Information: 0 : 4972, 6, 2022/02/01, 13:15:01.170, 9618101638937, vstest.console.dll, AssemblyResolver.OnResolve: Microsoft.Extensions.DependencyModel: Searching in: 'C:\Program Files\dotnet\sdk\5.0.404\Extensions'.
TpTrace Information: 0 : 4972, 6, 2022/02/01, 13:15:01.170, 9618101642195, vstest.console.dll, AssemblyResolver.OnResolve: Microsoft.Extensions.DependencyModel: Assembly path does not exist: 'C:\Program Files\dotnet\sdk\5.0.404\Extensions\Microsoft.Extensions.DependencyModel.dll', returning.
TpTrace Information: 0 : 4972, 6, 2022/02/01, 13:15:01.170, 9618101644653, vstest.console.dll, AssemblyResolver.OnResolve: Microsoft.Extensions.DependencyModel: Assembly path does not exist: 'C:\Program Files\dotnet\sdk\5.0.404\Extensions\Microsoft.Extensions.DependencyModel.exe', returning.
TpTrace Information: 0 : 4972, 6, 2022/02/01, 13:15:01.171, 9618101649505, vstest.console.dll, AssemblyResolver.OnResolve: Microsoft.Extensions.DependencyModel: Searching in: 'C:\Program Files\dotnet\sdk\5.0.404'.
TpTrace Information: 0 : 4972, 6, 2022/02/01, 13:15:01.173, 9618101670350, vstest.console.dll, AssemblyResolver.OnResolve: Microsoft.Extensions.DependencyModel: Loading assembly 'C:\Program Files\dotnet\sdk\5.0.404\Microsoft.Extensions.DependencyModel.dll'.
TpTrace Information: 0 : 4972, 6, 2022/02/01, 13:15:01.179, 9618101727717, vstest.console.dll, AssemblyResolver.OnResolve: Resolved assembly: Microsoft.Extensions.DependencyModel, from path: C:\Program Files\dotnet\sdk\5.0.404\Microsoft.Extensions.DependencyModel.dll
TpTrace Verbose: 0 : 4972, 6, 2022/02/01, 13:15:01.180, 9618101741748, vstest.console.dll, DotnetTestHostmanager: Reading file C:\Users\pcorcole\OneDrive - Capgemini\Desktop\Example\devon4net-net3.1\devon4net-net3.1\source\UnitTesting.Tests\bin\Debug\netcoreapp3.1\fine-code-coverage\build-output\UnitTesting.Tests.deps.json to get path of testhost.dll
TpTrace Verbose: 0 : 4972, 6, 2022/02/01, 13:15:01.308, 9618103017299, vstest.console.dll, DotnetTestHostmanager: Relative path of testhost.dll with respect to package folder is microsoft.testplatform.testhost/16.5.0\lib/netcoreapp2.1/testhost.dll
TpTrace Verbose: 0 : 4972, 6, 2022/02/01, 13:15:01.311, 9618103052399, vstest.console.dll, DotnetTestHostmanager: Looking for path microsoft.testplatform.testhost/16.5.0\lib/netcoreapp2.1/testhost.dll in folder C:\Users\pcorcole\.dotnet\store\|arch|\|tfm|
TpTrace Verbose: 0 : 4972, 6, 2022/02/01, 13:15:01.312, 9618103056057, vstest.console.dll, DotnetTestHostmanager: Looking for path microsoft.testplatform.testhost/16.5.0\lib/netcoreapp2.1/testhost.dll in folder C:\Users\pcorcole\.nuget\packages
TpTrace Verbose: 0 : 4972, 6, 2022/02/01, 13:15:01.312, 9618103063813, vstest.console.dll, DotnetTestHostManager: Testhost.exe/testhost.x86.exe found at path: C:\Users\pcorcole\.nuget\packages\microsoft.testplatform.testhost\16.5.0\build\netcoreapp2.1\x64\testhost.exe
TpTrace Verbose: 0 : 4972, 6, 2022/02/01, 13:15:01.313, 9618103065463, vstest.console.dll, DotnetTestHostmanager: Full path of host exe is C:\Users\pcorcole\.nuget\packages\microsoft.testplatform.testhost\16.5.0\build\netcoreapp2.1\x64\testhost.exe
TpTrace Verbose: 0 : 4972, 4, 2022/02/01, 13:15:01.321, 9618103149826, vstest.console.dll, DotnetTestHostManager: Starting process 'C:\Users\pcorcole\.nuget\packages\microsoft.testplatform.testhost\16.5.0\build\netcoreapp2.1\x64\testhost.exe' with command line ' --runtimeconfig "C:\Users\pcorcole\OneDrive - Capgemini\Desktop\Example\devon4net-net3.1\devon4net-net3.1\source\UnitTesting.Tests\bin\Debug\netcoreapp3.1\fine-code-coverage\build-output\UnitTesting.Tests.runtimeconfig.json" --depsfile "C:\Users\pcorcole\OneDrive - Capgemini\Desktop\Example\devon4net-net3.1\devon4net-net3.1\source\UnitTesting.Tests\bin\Debug\netcoreapp3.1\fine-code-coverage\build-output\UnitTesting.Tests.deps.json" --port 60638 --endpoint 127.0.0.1:060638 --role client --parentprocessid 4972 --diag "C:\Users\pcorcole\OneDrive - Capgemini\Desktop\Example\devon4net-net3.1\devon4net-net3.1\source\UnitTesting.Tests\bin\Debug\netcoreapp3.1\fine-code-coverage\coverage-tool-output\diagnostics.host.22-02-01_13-15-01_16096_6.log" --tracelevel 4 --datacollectionport 60637 --telemetryoptedin false'
TpTrace Verbose: 0 : 4972, 4, 2022/02/01, 13:15:01.428, 9618104216169, vstest.console.dll, Test Runtime launched
TpTrace Verbose: 0 : 4972, 6, 2022/02/01, 13:15:01.432, 9618104257436, vstest.console.dll, TestRequestSender.WaitForRequestHandlerConnection: waiting for connection with timeout: 90000
TpTrace Verbose: 0 : 4972, 15, 2022/02/01, 13:15:02.561, 9618115553247, vstest.console.dll, SocketServer.OnClientConnected: Client connected for endPoint: 127.0.0.1:60638, starting MessageLoopAsync:
TpTrace Verbose: 0 : 4972, 15, 2022/02/01, 13:15:02.562, 9618115560056, vstest.console.dll, TcpClientExtensions.MessageLoopAsync: Polling on remoteEndPoint: 127.0.0.1:60642 localEndPoint: 127.0.0.1:60638
TpTrace Verbose: 0 : 4972, 15, 2022/02/01, 13:15:03.174, 9618121678424, vstest.console.dll, TcpClientExtensions.MessageLoopAsync: NotifyDataAvailable remoteEndPoint: 127.0.0.1:60642 localEndPoint: 127.0.0.1:60638
TpTrace Verbose: 0 : 4972, 15, 2022/02/01, 13:15:03.174, 9618121684742, vstest.console.dll, TestRequestSender.CheckVersionWithTestHost: onMessageReceived received message: (ProtocolVersion) -> 2
TpTrace Verbose: 0 : 4972, 15, 2022/02/01, 13:15:03.176, 9618121697205, vstest.console.dll, TcpClientExtensions.MessageLoopAsync: Polling on remoteEndPoint: 127.0.0.1:60642 localEndPoint: 127.0.0.1:60638
TpTrace Verbose: 0 : 4972, 6, 2022/02/01, 13:15:03.176, 9618121699734, vstest.console.dll, TestPluginCache.GetExtensionPaths: Filtered extension paths: 
TpTrace Verbose: 0 : 4972, 6, 2022/02/01, 13:15:03.176, 9618121701846, vstest.console.dll, TestPluginCache.GetExtensionPaths: Added default extension paths: C:\Program Files\dotnet\sdk\5.0.404\Extensions\Microsoft.Diagnostics.NETCore.Client.dll
C:\Program Files\dotnet\sdk\5.0.404\Extensions\Microsoft.TestPlatform.Extensions.BlameDataCollector.dll
C:\Program Files\dotnet\sdk\5.0.404\Extensions\Microsoft.TestPlatform.Extensions.EventLogCollector.dll
C:\Program Files\dotnet\sdk\5.0.404\Extensions\Microsoft.TestPlatform.TestHostRuntimeProvider.dll
C:\Program Files\dotnet\sdk\5.0.404\Extensions\Microsoft.VisualStudio.TestPlatform.Extensions.Html.TestLogger.dll
C:\Program Files\dotnet\sdk\5.0.404\Extensions\Microsoft.VisualStudio.TestPlatform.Extensions.Trx.TestLogger.dll
TpTrace Verbose: 0 : 4972, 6, 2022/02/01, 13:15:03.176, 9618121702864, vstest.console.dll, TestPluginCache.GetExtensionPaths: Added unfilterableExtensionPaths: 
TpTrace Verbose: 0 : 4972, 6, 2022/02/01, 13:15:03.189, 9618121833320, vstest.console.dll, TestRequestSender.InitializeExecution: Sending initializing execution with message: {"Version":2,"MessageType":"TestExecution.Initialize","Payload":["C:\\Users\\pcorcole\\OneDrive - Capgemini\\Desktop\\Example\\devon4net-net3.1\\devon4net-net3.1\\source\\UnitTesting.Tests\\bin\\Debug\\netcoreapp3.1\\fine-code-coverage\\build-output\\xunit.runner.visualstudio.dotnetcore.testadapter.dll"]}
TpTrace Verbose: 0 : 4972, 6, 2022/02/01, 13:15:03.212, 9618122056837, vstest.console.dll, TestRequestSender.StartTestRun: Sending test run with message: {"Version":2,"MessageType":"TestExecution.StartWithSources","Payload":{"AdapterSourceMap":{"_none_":["C:\\Users\\pcorcole\\OneDrive - Capgemini\\Desktop\\Example\\devon4net-net3.1\\devon4net-net3.1\\source\\UnitTesting.Tests\\bin\\Debug\\netcoreapp3.1\\fine-code-coverage\\build-output\\UnitTesting.Tests.dll"]},"RunSettings":"<RunSettings>\r\n  <RunConfiguration>\r\n    <ResultsDirectory>C:\\Users\\pcorcole\\OneDrive - Capgemini\\Desktop\\Example\\devon4net-net3.1\\devon4net-net3.1\\source\\UnitTesting.Tests\\bin\\Debug\\netcoreapp3.1\\fine-code-coverage\\coverage-tool-output</ResultsDirectory>\r\n    <TargetPlatform>X64</TargetPlatform>\r\n    <TargetFrameworkVersion>.NETCoreApp,Version=v3.1</TargetFrameworkVersion>\r\n    <DesignMode>False</DesignMode>\r\n    <CollectSourceInformation>False</CollectSourceInformation>\r\n  </RunConfiguration>\r\n  <LoggerRunSettings>\r\n    <Loggers>\r\n      <Logger friendlyName=\"blame\" enabled=\"True\" />\r\n      <Logger friendlyName=\"Console\" uri=\"logger://microsoft/TestPlatform/ConsoleLogger/v1\" assemblyQualifiedName=\"Microsoft.VisualStudio.TestPlatform.CommandLine.Internal.ConsoleLogger, vstest.console, Version=15.0.0.0, Culture=neutral, PublicKeyToken=b03f5f7f11d50a3a\" codeBase=\"C:\\Program Files\\dotnet\\sdk\\5.0.404\\vstest.console.dll\" enabled=\"True\" />\r\n    </Loggers>\r\n  </LoggerRunSettings>\r\n  <DataCollectionRunSettings>\r\n    <DataCollectors>\r\n      <DataCollector friendlyName=\"blame\" enabled=\"True\">\r\n        <Configuration>\r\n          <ResultsDirectory>C:\\Users\\pcorcole\\OneDrive - Capgemini\\Desktop\\Example\\devon4net-net3.1\\devon4net-net3.1\\source\\UnitTesting.Tests\\bin\\Debug\\netcoreapp3.1\\fine-code-coverage\\coverage-tool-output</ResultsDirectory>\r\n        </Configuration>\r\n      </DataCollector>\r\n    </DataCollectors>\r\n  </DataCollectionRunSettings>\r\n</RunSettings>","TestExecutionContext":{"FrequencyOfRunStatsChangeEvent":10,"RunStatsChangeEventTimeout":"00:00:01.5000000","InIsolation":false,"KeepAlive":false,"AreTestCaseLevelEventsRequired":false,"IsDebug":false,"TestCaseFilter":null,"FilterOptions":null},"Package":null}}
TpTrace Verbose: 0 : 4972, 15, 2022/02/01, 13:15:03.231, 9618122248724, vstest.console.dll, TcpClientExtensions.MessageLoopAsync: NotifyDataAvailable remoteEndPoint: 127.0.0.1:60642 localEndPoint: 127.0.0.1:60638
TpTrace Verbose: 0 : 4972, 15, 2022/02/01, 13:15:03.231, 9618122252175, vstest.console.dll, TestRequestSender.OnExecutionMessageReceived: Received message: {"Version":2,"MessageType":"TestSession.Message","Payload":{"MessageLevel":0,"Message":"Registrando diagnstico de TestHost en el archivo: C:\\Users\\pcorcole\\OneDrive - Capgemini\\Desktop\\Example\\devon4net-net3.1\\devon4net-net3.1\\source\\UnitTesting.Tests\\bin\\Debug\\netcoreapp3.1\\fine-code-coverage\\coverage-tool-output\\diagnostics.host.22-02-01_13-15-01_16096_6.log"}}
TpTrace Verbose: 0 : 4972, 15, 2022/02/01, 13:15:03.240, 9618122344808, vstest.console.dll, TestRunRequest:SendTestRunMessage: Starting.
TpTrace Information: 0 : 4972, 15, 2022/02/01, 13:15:03.241, 9618122348824, vstest.console.dll, TestRunRequest:SendTestRunMessage: Completed.
TpTrace Verbose: 0 : 4972, 15, 2022/02/01, 13:15:03.241, 9618122350302, vstest.console.dll, TcpClientExtensions.MessageLoopAsync: Polling on remoteEndPoint: 127.0.0.1:60642 localEndPoint: 127.0.0.1:60638
TpTrace Verbose: 0 : 4972, 15, 2022/02/01, 13:15:03.848, 9618128422748, vstest.console.dll, TcpClientExtensions.MessageLoopAsync: NotifyDataAvailable remoteEndPoint: 127.0.0.1:60642 localEndPoint: 127.0.0.1:60638
TpTrace Verbose: 0 : 4972, 15, 2022/02/01, 13:15:03.849, 9618128426101, vstest.console.dll, TestRequestSender.OnExecutionMessageReceived: Received message: {"Version":2,"MessageType":"TestSession.Message","Payload":{"MessageLevel":0,"Message":"[xUnit.net 00:00:00.01] xUnit.net VSTest Adapter v2.4.0 (64-bit .NET Core 3.1.22)"}}
TpTrace Verbose: 0 : 4972, 15, 2022/02/01, 13:15:03.850, 9618128436768, vstest.console.dll, TestRunRequest:SendTestRunMessage: Starting.
TpTrace Information: 0 : 4972, 15, 2022/02/01, 13:15:03.850, 9618128440625, vstest.console.dll, TestRunRequest:SendTestRunMessage: Completed.
TpTrace Verbose: 0 : 4972, 15, 2022/02/01, 13:15:03.850, 9618128443673, vstest.console.dll, TcpClientExtensions.MessageLoopAsync: Polling on remoteEndPoint: 127.0.0.1:60642 localEndPoint: 127.0.0.1:60638
TpTrace Verbose: 0 : 4972, 15, 2022/02/01, 13:15:04.866, 9618138603109, vstest.console.dll, TcpClientExtensions.MessageLoopAsync: Polling on remoteEndPoint: 127.0.0.1:60642 localEndPoint: 127.0.0.1:60638
TpTrace Verbose: 0 : 4972, 15, 2022/02/01, 13:15:05.880, 9618148740237, vstest.console.dll, TcpClientExtensions.MessageLoopAsync: Polling on remoteEndPoint: 127.0.0.1:60642 localEndPoint: 127.0.0.1:60638
TpTrace Verbose: 0 : 4972, 15, 2022/02/01, 13:15:06.890, 9618158843848, vstest.console.dll, TcpClientExtensions.MessageLoopAsync: Polling on remoteEndPoint: 127.0.0.1:60642 localEndPoint: 127.0.0.1:60638
TpTrace Verbose: 0 : 4972, 15, 2022/02/01, 13:15:07.905, 9618168988981, vstest.console.dll, TcpClientExtensions.MessageLoopAsync: Polling on remoteEndPoint: 127.0.0.1:60642 localEndPoint: 127.0.0.1:60638
TpTrace Verbose: 0 : 4972, 15, 2022/02/01, 13:15:08.920, 9618179139652, vstest.console.dll, TcpClientExtensions.MessageLoopAsync: Polling on remoteEndPoint: 127.0.0.1:60642 localEndPoint: 127.0.0.1:60638
TpTrace Verbose: 0 : 4972, 15, 2022/02/01, 13:15:09.104, 9618180975394, vstest.console.dll, TcpClientExtensions.MessageLoopAsync: NotifyDataAvailable remoteEndPoint: 127.0.0.1:60642 localEndPoint: 127.0.0.1:60638
TpTrace Verbose: 0 : 4972, 15, 2022/02/01, 13:15:09.104, 9618180981107, vstest.console.dll, TestRequestSender.OnExecutionMessageReceived: Received message: {"Version":2,"MessageType":"TestSession.Message","Payload":{"MessageLevel":0,"Message":"[xUnit.net 00:00:05.27]   Discovering: UnitTesting.Tests"}}
TpTrace Verbose: 0 : 4972, 15, 2022/02/01, 13:15:09.105, 9618180992078, vstest.console.dll, TestRunRequest:SendTestRunMessage: Starting.
TpTrace Information: 0 : 4972, 15, 2022/02/01, 13:15:09.106, 9618180998618, vstest.console.dll, TestRunRequest:SendTestRunMessage: Completed.
TpTrace Verbose: 0 : 4972, 15, 2022/02/01, 13:15:09.106, 9618181000583, vstest.console.dll, TcpClientExtensions.MessageLoopAsync: Polling on remoteEndPoint: 127.0.0.1:60642 localEndPoint: 127.0.0.1:60638
TpTrace Verbose: 0 : 4972, 15, 2022/02/01, 13:15:09.178, 9618181715329, vstest.console.dll, TcpClientExtensions.MessageLoopAsync: NotifyDataAvailable remoteEndPoint: 127.0.0.1:60642 localEndPoint: 127.0.0.1:60638
TpTrace Verbose: 0 : 4972, 15, 2022/02/01, 13:15:09.178, 9618181723114, vstest.console.dll, TestRequestSender.OnExecutionMessageReceived: Received message: {"Version":2,"MessageType":"TestSession.Message","Payload":{"MessageLevel":0,"Message":"[xUnit.net 00:00:05.35]   Discovered:  UnitTesting.Tests"}}
TpTrace Verbose: 0 : 4972, 15, 2022/02/01, 13:15:09.179, 9618181730151, vstest.console.dll, TestRunRequest:SendTestRunMessage: Starting.
TpTrace Information: 0 : 4972, 15, 2022/02/01, 13:15:09.179, 9618181733066, vstest.console.dll, TestRunRequest:SendTestRunMessage: Completed.
TpTrace Verbose: 0 : 4972, 15, 2022/02/01, 13:15:09.180, 9618181735640, vstest.console.dll, TcpClientExtensions.MessageLoopAsync: Polling on remoteEndPoint: 127.0.0.1:60642 localEndPoint: 127.0.0.1:60638
TpTrace Verbose: 0 : 4972, 15, 2022/02/01, 13:15:09.183, 9618181769808, vstest.console.dll, TcpClientExtensions.MessageLoopAsync: NotifyDataAvailable remoteEndPoint: 127.0.0.1:60642 localEndPoint: 127.0.0.1:60638
TpTrace Verbose: 0 : 4972, 15, 2022/02/01, 13:15:09.183, 9618181771464, vstest.console.dll, TestRequestSender.OnExecutionMessageReceived: Received message: {"Version":2,"MessageType":"TestSession.Message","Payload":{"MessageLevel":0,"Message":"[xUnit.net 00:00:05.35]   Starting:    UnitTesting.Tests"}}
TpTrace Verbose: 0 : 4972, 15, 2022/02/01, 13:15:09.183, 9618181773538, vstest.console.dll, TestRunRequest:SendTestRunMessage: Starting.
TpTrace Information: 0 : 4972, 15, 2022/02/01, 13:15:09.184, 9618181774825, vstest.console.dll, TestRunRequest:SendTestRunMessage: Completed.
TpTrace Verbose: 0 : 4972, 15, 2022/02/01, 13:15:09.184, 9618181775581, vstest.console.dll, TcpClientExtensions.MessageLoopAsync: Polling on remoteEndPoint: 127.0.0.1:60642 localEndPoint: 127.0.0.1:60638
TpTrace Verbose: 0 : 4972, 15, 2022/02/01, 13:15:09.335, 9618183287598, vstest.console.dll, TcpClientExtensions.MessageLoopAsync: NotifyDataAvailable remoteEndPoint: 127.0.0.1:60642 localEndPoint: 127.0.0.1:60638
TpTrace Verbose: 0 : 4972, 15, 2022/02/01, 13:15:09.335, 9618183294564, vstest.console.dll, TestRequestSender.OnExecutionMessageReceived: Received message: {"Version":2,"MessageType":"TestExecution.StatsChange","Payload":{"NewTestResults":[],"TestRunStatistics":{"ExecutedTests":0,"Stats":{}},"ActiveTests":[{"Id":"b1312169-b301-b250-b7b4-03560c56d5cf","FullyQualifiedName":"UnitTesting.Tests.EmployerTests.GetEmployerOkAsync","DisplayName":"UnitTesting.Tests.EmployerTests.GetEmployerOkAsync","ExecutorUri":"executor://xunit/VsTestRunner2/netcoreapp","Source":"C:\\Users\\pcorcole\\OneDrive - Capgemini\\Desktop\\Example\\devon4net-net3.1\\devon4net-net3.1\\source\\UnitTesting.Tests\\bin\\Debug\\netcoreapp3.1\\fine-code-coverage\\build-output\\UnitTesting.Tests.dll","CodeFilePath":null,"LineNumber":0,"Properties":[]}]}}
TpTrace Verbose: 0 : 4972, 15, 2022/02/01, 13:15:09.384, 9618183777164, vstest.console.dll, TestRunRequest:SendTestRunStatsChange: Starting.
TpTrace Verbose: 0 : 4972, 15, 2022/02/01, 13:15:09.384, 9618183783848, vstest.console.dll, InProgress is UnitTesting.Tests.EmployerTests.GetEmployerOkAsync
TpTrace Information: 0 : 4972, 15, 2022/02/01, 13:15:09.385, 9618183787840, vstest.console.dll, TestRunRequest:SendTestRunStatsChange: Completed.
TpTrace Verbose: 0 : 4972, 15, 2022/02/01, 13:15:09.385, 9618183790036, vstest.console.dll, TcpClientExtensions.MessageLoopAsync: Polling on remoteEndPoint: 127.0.0.1:60642 localEndPoint: 127.0.0.1:60638
TpTrace Verbose: 0 : 4972, 15, 2022/02/01, 13:15:09.703, 9618186974203, vstest.console.dll, TcpClientExtensions.MessageLoopAsync: NotifyDataAvailable remoteEndPoint: 127.0.0.1:60642 localEndPoint: 127.0.0.1:60638
TpTrace Verbose: 0 : 4972, 15, 2022/02/01, 13:15:09.704, 9618186976155, vstest.console.dll, TestRequestSender.OnExecutionMessageReceived: Received message: {"Version":2,"MessageType":"TestSession.Message","Payload":{"MessageLevel":0,"Message":"[xUnit.net 00:00:05.87]   Finished:    UnitTesting.Tests"}}
TpTrace Verbose: 0 : 4972, 15, 2022/02/01, 13:15:09.704, 9618186978034, vstest.console.dll, TestRunRequest:SendTestRunMessage: Starting.
TpTrace Information: 0 : 4972, 15, 2022/02/01, 13:15:09.704, 9618186979060, vstest.console.dll, TestRunRequest:SendTestRunMessage: Completed.
TpTrace Verbose: 0 : 4972, 15, 2022/02/01, 13:15:09.704, 9618186979719, vstest.console.dll, TcpClientExtensions.MessageLoopAsync: Polling on remoteEndPoint: 127.0.0.1:60642 localEndPoint: 127.0.0.1:60638
TpTrace Verbose: 0 : 4972, 15, 2022/02/01, 13:15:09.755, 9618187487865, vstest.console.dll, TcpClientExtensions.MessageLoopAsync: NotifyDataAvailable remoteEndPoint: 127.0.0.1:60642 localEndPoint: 127.0.0.1:60638
TpTrace Verbose: 0 : 4972, 15, 2022/02/01, 13:15:09.755, 9618187490192, vstest.console.dll, TestRequestSender.OnExecutionMessageReceived: Received message: {"Version":2,"MessageType":"TestExecution.Completed","Payload":{"TestRunCompleteArgs":{"TestRunStatistics":{"ExecutedTests":8,"Stats":{"Passed":8}},"IsCanceled":false,"IsAborted":false,"Error":null,"AttachmentSets":[],"ElapsedTimeInRunningTests":"00:00:05.8969439","Metrics":{}},"LastRunTests":{"NewTestResults":[{"TestCase":{"Id":"b1312169-b301-b250-b7b4-03560c56d5cf","FullyQualifiedName":"UnitTesting.Tests.EmployerTests.GetEmployerOkAsync","DisplayName":"UnitTesting.Tests.EmployerTests.GetEmployerOkAsync","ExecutorUri":"executor://xunit/VsTestRunner2/netcoreapp","Source":"C:\\Users\\pcorcole\\OneDrive - Capgemini\\Desktop\\Example\\devon4net-net3.1\\devon4net-net3.1\\source\\UnitTesting.Tests\\bin\\Debug\\netcoreapp3.1\\fine-code-coverage\\build-output\\UnitTesting.Tests.dll","CodeFilePath":null,"LineNumber":0,"Properties":[]},"Attachments":[],"Outcome":1,"ErrorMessage":null,"ErrorStackTrace":null,"DisplayName":"UnitTesting.Tests.EmployerTests.GetEmployerOkAsync","Messages":[],"ComputerName":"LES010088","Duration":"00:00:00.3228327","StartTime":"2022-02-01T12:15:09.6188343+00:00","EndTime":"2022-02-01T12:15:09.6189481+00:00","Properties":[]},{"TestCase":{"Id":"0a3e1bc7-ca6c-1fd6-25e2-2e38a4f3b26e","FullyQualifiedName":"UnitTesting.Tests.EmployerTests.DeleteEmployerByIdEmployeeNull","DisplayName":"UnitTesting.Tests.EmployerTests.DeleteEmployerByIdEmployeeNull","ExecutorUri":"executor://xunit/VsTestRunner2/netcoreapp","Source":"C:\\Users\\pcorcole\\OneDrive - Capgemini\\Desktop\\Example\\devon4net-net3.1\\devon4net-net3.1\\source\\UnitTesting.Tests\\bin\\Debug\\netcoreapp3.1\\fine-code-coverage\\build-output\\UnitTesting.Tests.dll","CodeFilePath":null,"LineNumber":0,"Properties":[]},"Attachments":[],"Outcome":1,"ErrorMessage":null,"ErrorStackTrace":null,"DisplayName":"UnitTesting.Tests.EmployerTests.DeleteEmployerByIdEmployeeNull","Messages":[],"ComputerName":"LES010088","Duration":"00:00:00.0273499","StartTime":"2022-02-01T12:15:09.668891+00:00","EndTime":"2022-02-01T12:15:09.6688976+00:00","Properties":[]},{"TestCase":{"Id":"fa8ad54b-4713-0924-d22f-ca7ffb76c803","FullyQualifiedName":"UnitTesting.Tests.EmployerTests.CreateEmployerTestAsyncOK","DisplayName":"UnitTesting.Tests.EmployerTests.CreateEmployerTestAsyncOK","ExecutorUri":"executor://xunit/VsTestRunner2/netcoreapp","Source":"C:\\Users\\pcorcole\\OneDrive - Capgemini\\Desktop\\Example\\devon4net-net3.1\\devon4net-net3.1\\source\\UnitTesting.Tests\\bin\\Debug\\netcoreapp3.1\\fine-code-coverage\\build-output\\UnitTesting.Tests.dll","CodeFilePath":null,"LineNumber":0,"Properties":[]},"Attachments":[],"Outcome":1,"ErrorMessage":null,"ErrorStackTrace":null,"DisplayName":"UnitTesting.Tests.EmployerTests.CreateEmployerTestAsyncOK","Messages":[],"ComputerName":"LES010088","Duration":"00:00:00.0112247","StartTime":"2022-02-01T12:15:09.6799282+00:00","EndTime":"2022-02-01T12:15:09.6799344+00:00","Properties":[]},{"TestCase":{"Id":"59d4edb6-cb34-2cec-3eac-a2c1ac37f268","FullyQualifiedName":"UnitTesting.Tests.EmployerTests.DeleteEmployerById","DisplayName":"UnitTesting.Tests.EmployerTests.DeleteEmployerById","ExecutorUri":"executor://xunit/VsTestRunner2/netcoreapp","Source":"C:\\Users\\pcorcole\\OneDrive - Capgemini\\Desktop\\Example\\devon4net-net3.1\\devon4net-net3.1\\source\\UnitTesting.Tests\\bin\\Debug\\netcoreapp3.1\\fine-code-coverage\\build-output\\UnitTesting.Tests.dll","CodeFilePath":null,"LineNumber":0,"Properties":[]},"Attachments":[],"Outcome":1,"ErrorMessage":null,"ErrorStackTrace":null,"DisplayName":"UnitTesting.Tests.EmployerTests.DeleteEmployerById","Messages":[],"ComputerName":"LES010088","Duration":"00:00:00.0097565","StartTime":"2022-02-01T12:15:09.6855631+00:00","EndTime":"2022-02-01T12:15:09.6855666+00:00","Properties":[]},{"TestCase":{"Id":"818309dd-334e-73ac-d0e1-85269b08612b","FullyQualifiedName":"UnitTesting.Tests.EmployerTests.ModifyEmployerByIdOkAsync","DisplayName":"UnitTesting.Tests.EmployerTests.ModifyEmployerByIdOkAsync","ExecutorUri":"executor://xunit/VsTestRunner2/netcoreapp","Source":"C:\\Users\\pcorcole\\OneDrive - Capgemini\\Desktop\\Example\\devon4net-net3.1\\devon4net-net3.1\\source\\UnitTesting.Tests\\bin\\Debug\\netcoreapp3.1\\fine-code-coverage\\build-output\\UnitTesting.Tests.dll","CodeFilePath":null,"LineNumber":0,"Properties":[]},"Attachments":[],"Outcome":1,"ErrorMessage":null,"ErrorStackTrace":null,"DisplayName":"UnitTesting.Tests.EmployerTests.ModifyEmployerByIdOkAsync","Messages":[],"ComputerName":"LES010088","Duration":"00:00:00.0185178","StartTime":"2022-02-01T12:15:09.6889269+00:00","EndTime":"2022-02-01T12:15:09.68893+00:00","Properties":[]},{"TestCase":{"Id":"4a55495d-0977-cfde-958e-1e30c1f2497d","FullyQualifiedName":"UnitTesting.Tests.EmployerTests.CreateEmployerTestAsyncNameEmpty","DisplayName":"UnitTesting.Tests.EmployerTests.CreateEmployerTestAsyncNameEmpty","ExecutorUri":"executor://xunit/VsTestRunner2/netcoreapp","Source":"C:\\Users\\pcorcole\\OneDrive - Capgemini\\Desktop\\Example\\devon4net-net3.1\\devon4net-net3.1\\source\\UnitTesting.Tests\\bin\\Debug\\netcoreapp3.1\\fine-code-coverage\\build-output\\UnitTesting.Tests.dll","CodeFilePath":null,"LineNumber":0,"Properties":[]},"Attachments":[],"Outcome":1,"ErrorMessage":null,"ErrorStackTrace":null,"DisplayName":"UnitTesting.Tests.EmployerTests.CreateEmployerTestAsyncNameEmpty","Messages":[],"ComputerName":"LES010088","Duration":"00:00:00.0017475","StartTime":"2022-02-01T12:15:09.6943326+00:00","EndTime":"2022-02-01T12:15:09.6943435+00:00","Properties":[]},{"TestCase":{"Id":"b81a4be4-9915-5c14-f4a1-e81df7632838","FullyQualifiedName":"UnitTesting.Tests.EmployerTests.ModifyEmployerByIdNull","DisplayName":"UnitTesting.Tests.EmployerTests.ModifyEmployerByIdNull","ExecutorUri":"executor://xunit/VsTestRunner2/netcoreapp","Source":"C:\\Users\\pcorcole\\OneDrive - Capgemini\\Desktop\\Example\\devon4net-net3.1\\devon4net-net3.1\\source\\UnitTesting.Tests\\bin\\Debug\\netcoreapp3.1\\fine-code-coverage\\build-output\\UnitTesting.Tests.dll","CodeFilePath":null,"LineNumber":0,"Properties":[]},"Attachments":[],"Outcome":1,"ErrorMessage":null,"ErrorStackTrace":null,"DisplayName":"UnitTesting.Tests.EmployerTests.ModifyEmployerByIdNull","Messages":[],"ComputerName":"LES010088","Duration":"00:00:00.0032144","StartTime":"2022-02-01T12:15:09.6970156+00:00","EndTime":"2022-02-01T12:15:09.6970177+00:00","Properties":[]},{"TestCase":{"Id":"43b4e905-f186-826c-b376-4609db4e6bc8","FullyQualifiedName":"UnitTesting.Tests.EmployerTests.CreateEmployerTestAsyncNameNull","DisplayName":"UnitTesting.Tests.EmployerTests.CreateEmployerTestAsyncNameNull","ExecutorUri":"executor://xunit/VsTestRunner2/netcoreapp","Source":"C:\\Users\\pcorcole\\OneDrive - Capgemini\\Desktop\\Example\\devon4net-net3.1\\devon4net-net3.1\\source\\UnitTesting.Tests\\bin\\Debug\\netcoreapp3.1\\fine-code-coverage\\build-output\\UnitTesting.Tests.dll","CodeFilePath":null,"LineNumber":0,"Properties":[]},"Attachments":[],"Outcome":1,"ErrorMessage":null,"ErrorStackTrace":null,"DisplayName":"UnitTesting.Tests.EmployerTests.CreateEmployerTestAsyncNameNull","Messages":[],"ComputerName":"LES010088","Duration":"00:00:00.0028359","StartTime":"2022-02-01T12:15:09.7000716+00:00","EndTime":"2022-02-01T12:15:09.7000745+00:00","Properties":[]}],"TestRunStatistics":{"ExecutedTests":8,"Stats":{"Passed":8}},"ActiveTests":[]},"RunAttachments":[],"ExecutorUris":["executor://xunit/VsTestRunner2/netcoreapp"]}}
TpTrace Verbose: 0 : 4972, 15, 2022/02/01, 13:15:09.756, 9618187502304, vstest.console.dll, TestRequestSender.EndSession: Sending end session.
TpTrace Verbose: 0 : 4972, 15, 2022/02/01, 13:15:09.757, 9618187506507, vstest.console.dll, ProxyOperationManager.Close: waiting for test host to exit for 100 ms
TpTrace Warning: 0 : 4972, 10, 2022/02/01, 13:15:09.805, 9618187986385, vstest.console.dll, TestHostManagerCallbacks.ErrorReceivedCallback Test host standard error line: 
TpTrace Verbose: 0 : 4972, 7, 2022/02/01, 13:15:09.849, 9618188430550, vstest.console.dll, TestHostProvider.ExitCallBack: Host exited starting callback.
TpTrace Information: 0 : 4972, 7, 2022/02/01, 13:15:09.851, 9618188453069, vstest.console.dll, TestHostManagerCallbacks.ExitCallBack: Testhost processId: 15476 exited with exitcode: 0 error: ''
TpTrace Verbose: 0 : 4972, 7, 2022/02/01, 13:15:09.852, 9618188457725, vstest.console.dll, DotnetTestHostManager.OnHostExited: invoking OnHostExited callback
TpTrace Verbose: 0 : 4972, 7, 2022/02/01, 13:15:09.852, 9618188459837, vstest.console.dll, CrossPlatEngine.TestHostManagerHostExited: calling on client process exit callback.
TpTrace Information: 0 : 4972, 7, 2022/02/01, 13:15:09.852, 9618188461513, vstest.console.dll, TestRequestSender.OnClientProcessExit: Test host process exited. Standard error: 
TpTrace Warning: 0 : 4972, 15, 2022/02/01, 13:15:09.852, 9618188461576, vstest.console.dll, ProxyOperationManager: Timed out waiting for test host to exit. Will terminate process.
TpTrace Information: 0 : 4972, 7, 2022/02/01, 13:15:09.852, 9618188462629, vstest.console.dll, SocketServer.Stop: Stop server endPoint: 127.0.0.1:60638
TpTrace Information: 0 : 4972, 7, 2022/02/01, 13:15:09.852, 9618188464460, vstest.console.dll, SocketServer.Stop: Cancellation requested. Stopping message loop.
TpTrace Verbose: 0 : 4972, 15, 2022/02/01, 13:15:09.854, 9618188474923, vstest.console.dll, ProxyDataCollectionManager.InvokeDataCollectionServiceAction: Starting.
TpTrace Information: 0 : 4972, 15, 2022/02/01, 13:15:09.854, 9618188476397, vstest.console.dll, ProxyDataCollectionManager.AfterTestRunEnd: Get attachment set for datacollector processId: 8964 port: 60635
TpTrace Verbose: 0 : 4972, 15, 2022/02/01, 13:15:09.854, 9618188477550, vstest.console.dll, DataCollectionRequestSender.SendAfterTestRunStartAndGetResult : Send AfterTestRunEnd message with isCancelled: False
TpTrace Verbose: 0 : 4972, 15, 2022/02/01, 13:15:09.868, 9618188616848, vstest.console.dll, DataCollectionRequestSender.SendAfterTestRunStartAndGetResult : Received message: (DataCollection.AfterTestRunEndResult) -> {
  "AttachmentSets": [],
  "Metrics": {}
}
TpTrace Information: 0 : 4972, 15, 2022/02/01, 13:15:09.875, 9618188688294, vstest.console.dll, ProxyDataCollectionManager.InvokeDataCollectionServiceAction: Completed.
TpTrace Warning: 0 : 4972, 9, 2022/02/01, 13:15:09.886, 9618188797442, vstest.console.dll, DataCollectionLauncher.ErrorReceivedCallback datacollector standard error line: 
TpTrace Information: 0 : 4972, 7, 2022/02/01, 13:15:09.895, 9618188891525, vstest.console.dll, DataCollectionLauncher.ExitCallBack: Data collector exited with exitcode: 0 error: ''
TpTrace Verbose: 0 : 4972, 15, 2022/02/01, 13:15:09.938, 9618189323999, vstest.console.dll, TestRunRequest:SendTestRunStatsChange: Starting.
TpTrace Information: 0 : 4972, 15, 2022/02/01, 13:15:09.939, 9618189330278, vstest.console.dll, TestRunRequest:SendTestRunStatsChange: Completed.
TpTrace Verbose: 0 : 4972, 15, 2022/02/01, 13:15:09.939, 9618189332945, vstest.console.dll, ParallelProxyExecutionManager: HandlePartialRunComplete: Total completed clients = 1, Run complete = True, Run canceled: False.
TpTrace Verbose: 0 : 4972, 15, 2022/02/01, 13:15:09.981, 9618189754645, vstest.console.dll, TestRunRequest:TestRunComplete: Starting. IsAborted:False IsCanceled:False.
TpTrace Verbose: 0 : 4972, 15, 2022/02/01, 13:15:09.982, 9618189757679, vstest.console.dll, TestLoggerManager.HandleTestRunComplete: Ignoring as the object is disposed.
TpTrace Information: 0 : 4972, 15, 2022/02/01, 13:15:09.982, 9618189761228, vstest.console.dll, TestRunRequest:TestRunComplete: Completed.
TpTrace Verbose: 0 : 4972, 1, 2022/02/01, 13:15:09.982, 9618189761477, vstest.console.dll, TestRunRequest.Dispose: Starting.
TpTrace Verbose: 0 : 4972, 15, 2022/02/01, 13:15:09.982, 9618189762037, vstest.console.dll, TestRequestSender.SetOperationComplete: Setting operation complete.
TpTrace Information: 0 : 4972, 1, 2022/02/01, 13:15:09.982, 9618189763123, vstest.console.dll, TestRunRequest.Dispose: Completed.
TpTrace Information: 0 : 4972, 15, 2022/02/01, 13:15:09.982, 9618189763915, vstest.console.dll, SocketServer.Stop: Stop server endPoint: 127.0.0.1:60638
TpTrace Information: 0 : 4972, 1, 2022/02/01, 13:15:09.982, 9618189764715, vstest.console.dll, TestRequestManager.RunTests: run tests completed.
TpTrace Information: 0 : 4972, 15, 2022/02/01, 13:15:09.983, 9618189765089, vstest.console.dll, SocketServer.Stop: Cancellation requested. Stopping message loop.
TpTrace Information: 0 : 4972, 1, 2022/02/01, 13:15:09.983, 9618189766453, vstest.console.dll, RunTestsArgumentProcessor:Execute: Test run is completed.
TpTrace Information: 0 : 4972, 15, 2022/02/01, 13:15:09.983, 9618189766496, vstest.console.dll, SocketServer.PrivateStop: Stop server endPoint: 127.0.0.1:60638 error: 
TpTrace Verbose: 0 : 4972, 1, 2022/02/01, 13:15:09.983, 9618189768410, vstest.console.dll, Executor.Execute: Exiting with exit code of 0
TpTrace Verbose: 0 : 4972, 15, 2022/02/01, 13:15:09.983, 9618189774504, vstest.console.dll, LengthPrefixCommunicationChannel.Dispose: Dispose reader and writer.
TpTrace Information: 0 : 4972, 15, 2022/02/01, 13:15:09.984, 9618189775876, vstest.console.dll, SocketServer.Stop: Raise disconnected event endPoint: 127.0.0.1:60638 error: 
TpTrace Verbose: 0 : 4972, 15, 2022/02/01, 13:15:09.984, 9618189777045, vstest.console.dll, TestRequestSender: OnTestRunAbort: Operation is already complete. Skip error message.
TpTrace Verbose: 0 : 4972, 15, 2022/02/01, 13:15:09.984, 9618189777586, vstest.console.dll, TcpClientExtensions.MessageLoopAsync: exiting MessageLoopAsync remoteEndPoint: 127.0.0.1:60642 localEndPoint: 127.0.0.1:60638
